<?xml version="1.0" encoding="UTF-8"?>
<testsuite name="imademethink_jayway_framework.MasterRunnerMaven.MasterRunnerForCucumber" time="0.014" tests="61" errors="0" skipped="0" failures="0">
  <properties>
[...]
</properties>
  <testcase name="Given General init" classname="Scenario: Valid scenario 1" time="0.003"/>
  <testcase name="And Basic web application endpoint url is &quot;http://localhost:8080/imademethink/restfulapi/account_basic/&quot;" classname="Scenario: Valid scenario 1" time="0"/>
  <testcase name="And Basic user details are" classname="Scenario: Valid scenario 1" time="0"/>
  <testcase name="Given Valid simple user management application is running" classname="Scenario: Valid scenario 1" time="0"/>
  <testcase name="When User performs GET signup parameters" classname="Scenario: Valid scenario 1" time="0"/>
  <testcase name="And User performs POST signup with email id &quot;Happy01@aaa.com&quot; to create account" classname="Scenario: Valid scenario 1" time="0"/>
  <testcase name="And User performs GET to activate account" classname="Scenario: Valid scenario 1" time="0.001"/>
  <testcase name="And User performs POST to signin account" classname="Scenario: Valid scenario 1" time="0"/>
  <testcase name="And User performs DELETE to signout account" classname="Scenario: Valid scenario 1" time="0"/>
  <testcase name="Then Each user action should be successful" classname="Scenario: Valid scenario 1" time="0.001"/>
  <testcase name="Scenario: Valid scenario 1" classname="Scenario: Valid scenario 1" time="0.003"/>
  <testcase name="Given General init" classname="Scenario: Valid scenario 2" time="0"/>
  <testcase name="And Basic web application endpoint url is &quot;http://localhost:8080/imademethink/restfulapi/account_basic/&quot;" classname="Scenario: Valid scenario 2" time="0.001"/>
  <testcase name="And Basic user details are" classname="Scenario: Valid scenario 2" time="0"/>
  <testcase name="Given Valid simple user management application is running" classname="Scenario: Valid scenario 2" time="0.001"/>
  <testcase name="When User performs GET signup parameters" classname="Scenario: Valid scenario 2" time="0"/>
  <testcase name="And User performs POST signup with email id &quot;Happy02@aaa.com&quot; to create account" classname="Scenario: Valid scenario 2" time="0"/>
  <testcase name="And User performs GET to activate account" classname="Scenario: Valid scenario 2" time="0"/>
  <testcase name="And User performs POST to signin account" classname="Scenario: Valid scenario 2" time="0"/>
  <testcase name="And User performs GET account profile" classname="Scenario: Valid scenario 2" time="0"/>
  <testcase name="And User performs PUT to modify account profile with first name &quot;Jack&quot; and last name &quot;Black&quot; and &quot;valid scenario 2&quot;" classname="Scenario: Valid scenario 2" time="0"/>
  <testcase name="And User performs GET account profile to match updated account profile" classname="Scenario: Valid scenario 2" time="0"/>
  <testcase name="And User performs DELETE to signout account" classname="Scenario: Valid scenario 2" time="0.001"/>
  <testcase name="Then Each user action should be successful" classname="Scenario: Valid scenario 2" time="0"/>
  <testcase name="Scenario: Valid scenario 2" classname="Scenario: Valid scenario 2" time="0"/>
  <testcase name="Given General init" classname="Scenario: Valid scenario 3" time="0"/>
  <testcase name="And Basic web application endpoint url is &quot;http://localhost:8080/imademethink/restfulapi/account_basic/&quot;" classname="Scenario: Valid scenario 3" time="0"/>
  <testcase name="And Basic user details are" classname="Scenario: Valid scenario 3" time="0"/>
  <testcase name="Given Valid simple user management application is running" classname="Scenario: Valid scenario 3" time="0"/>
  <testcase name="When User performs GET signup parameters" classname="Scenario: Valid scenario 3" time="0"/>
  <testcase name="And User performs POST signup with email id &quot;Happy03@aaa.com&quot; to create account" classname="Scenario: Valid scenario 3" time="0"/>
  <testcase name="And User performs GET to activate account" classname="Scenario: Valid scenario 3" time="0"/>
  <testcase name="And User performs POST to signin account" classname="Scenario: Valid scenario 3" time="0"/>
  <testcase name="And User performs POST to signin account" classname="Scenario: Valid scenario 3" time="0"/>
  <testcase name="And User performs GET forget password to get secret questions" classname="Scenario: Valid scenario 3" time="0"/>
  <testcase name="And User performs PUT to reset password" classname="Scenario: Valid scenario 3" time="0"/>
  <testcase name="And User performs DELETE to signout account" classname="Scenario: Valid scenario 3" time="0"/>
  <testcase name="Then Each user action should be successful" classname="Scenario: Valid scenario 3" time="0"/>
  <testcase name="Scenario: Valid scenario 3" classname="Scenario: Valid scenario 3" time="0.001"/>
  <testcase name="Given General init" classname="Scenario: Invalid scenario 1" time="0"/>
  <testcase name="And Basic web application endpoint url is &quot;http://localhost:8080/imademethink/restfulapi/account_basic/&quot;" classname="Scenario: Invalid scenario 1" time="0"/>
  <testcase name="And Basic user details are" classname="Scenario: Invalid scenario 1" time="0"/>
  <testcase name="Given Valid simple user management application is running" classname="Scenario: Invalid scenario 1" time="0"/>
  <testcase name="When User performs GET signup parameters" classname="Scenario: Invalid scenario 1" time="0"/>
  <testcase name="And User performs POST signup with email id &quot;Sad01@aaa.com&quot; to create account" classname="Scenario: Invalid scenario 1" time="0"/>
  <testcase name="And User performs POST to signin account" classname="Scenario: Invalid scenario 1" time="0"/>
  <testcase name="And User performs DELETE to signout account with fake session id and &quot;invalid scenario 1&quot;" classname="Scenario: Invalid scenario 1" time="0"/>
  <testcase name="Then Each user action should be successful" classname="Scenario: Invalid scenario 1" time="0"/>
  <testcase name="Scenario: Invalid scenario 1" classname="Scenario: Invalid scenario 1" time="0"/>
  <testcase name="Given General init" classname="Scenario: Invalid scenario 2" time="0"/>
  <testcase name="And Basic web application endpoint url is &quot;http://localhost:8080/imademethink/restfulapi/account_basic/&quot;" classname="Scenario: Invalid scenario 2" time="0"/>
  <testcase name="And Basic user details are" classname="Scenario: Invalid scenario 2" time="0"/>
  <testcase name="Given Valid simple user management application is running" classname="Scenario: Invalid scenario 2" time="0"/>
  <testcase name="When User performs GET signup parameters" classname="Scenario: Invalid scenario 2" time="0"/>
  <testcase name="And User performs POST signup with email id &quot;Sad02@aaa.com&quot; to create account" classname="Scenario: Invalid scenario 2" time="0"/>
  <testcase name="And User performs GET to activate account" classname="Scenario: Invalid scenario 2" time="0"/>
  <testcase name="And User performs POST to signin account" classname="Scenario: Invalid scenario 2" time="0"/>
  <testcase name="And User performs GET account profile with content type as XML" classname="Scenario: Invalid scenario 2" time="0"/>
  <testcase name="And User performs DELETE to signout account with acceptable content type as XML" classname="Scenario: Invalid scenario 2" time="0"/>
  <testcase name="Then Each user action should be successful" classname="Scenario: Invalid scenario 2" time="0"/>
  <testcase name="Scenario: Invalid scenario 2" classname="Scenario: Invalid scenario 2" time="0.002"/>
</testsuite>